<?xml version="1.0" encoding="UTF-8"?>
<!-- Generated by org.testng.reporters.JUnitXMLReporter -->
<testsuite hostname="ARSHIA-PC" failures="2" tests="4" name="Test" time="12.532" errors="0" timestamp="22 Jul 2019 04:50:32 GMT">
  <testcase classname="Academy.HomePage" name="@AfterTest teardown" time="0.0">
    <failure type="java.lang.NullPointerException">
      <![CDATA[java.lang.NullPointerException
	at Academy.HomePage.teardown(HomePage.java:41)
... Removed 22 stack frames]]>
    </failure>
  </testcase> <!-- @AfterTest teardown -->
  <testcase classname="Academy.HomePage" name="@AfterTest teardown" time="0.0">
    <skipped/>
  </testcase> <!-- @AfterTest teardown -->
  <testcase classname="Academy.HomePage" name="@AfterTest teardown" time="0.0">
    <skipped/>
  </testcase> <!-- @AfterTest teardown -->
  <testcase classname="Academy.validateTitle" name="basePageNavigation" time="0.16"/>
  <testcase classname="Academy.validateNavigationBar" name="basePageNavigation" time="0.104"/>
  <testcase classname="Academy.HomePage" name="basePageNavigation" time="0.002">
    <failure type="java.lang.NullPointerException">
      <![CDATA[java.lang.NullPointerException
	at pageObjects.LandingPage.getLogin(LandingPage.java:28)
	at Academy.HomePage.basePageNavigation(HomePage.java:28)
... Removed 24 stack frames]]>
    </failure>
  </testcase> <!-- basePageNavigation -->
  <testcase classname="Academy.HomePage" name="basePageNavigation" time="0.001">
    <failure type="java.lang.NullPointerException">
      <![CDATA[java.lang.NullPointerException
	at pageObjects.LandingPage.getLogin(LandingPage.java:28)
	at Academy.HomePage.basePageNavigation(HomePage.java:28)
... Removed 24 stack frames]]>
    </failure>
  </testcase> <!-- basePageNavigation -->
</testsuite> <!-- Test -->
