<?xml version="1.0" encoding="UTF-8"?>
<!-- Generated by org.testng.reporters.JUnitXMLReporter -->
<testsuite hostname="ARSHIA-PC" failures="1" tests="1" name="Validating title in the page" time="9.094" errors="0" timestamp="23 Jul 2019 06:58:27 GMT">
  <testcase classname="Academy.validateTitle" name="basePageNavigation" time="0.062">
    <failure type="junit.framework.ComparisonFailure" message="expected:&amp;lt;...&amp;gt; but was:&amp;lt;...123&amp;gt;">
      <![CDATA[junit.framework.ComparisonFailure: expected:<...> but was:<...123>
	at junit.framework.Assert.assertEquals(Assert.java:81)
	at junit.framework.Assert.assertEquals(Assert.java:87)
	at Academy.validateTitle.basePageNavigation(validateTitle.java:34)
... Removed 24 stack frames]]>
    </failure>
  </testcase> <!-- basePageNavigation -->
</testsuite> <!-- Validating title in the page -->
