-------------------------------------------------------------------------------
Test set: TestSuite
-------------------------------------------------------------------------------
Tests run: 4, Failures: 1, Errors: 0, Skipped: 0, Time elapsed: 40.192 s <<< FAILURE! - in TestSuite
validateAppTitle(Academy.validateTitle)  Time elapsed: 0.19 s  <<< FAILURE!
junit.framework.ComparisonFailure: expected:<...> but was:<...123>
	at Academy.validateTitle.validateAppTitle(validateTitle.java:34)

