<?xml version="1.0" encoding="UTF-8"?>
<testng-results skipped="0" failed="1" total="4" passed="3">
  <reporter-output>
  </reporter-output>
  <suite name="Suite" duration-ms="37516" started-at="2019-07-23T07:58:29Z" finished-at="2019-07-23T07:59:07Z">
    <groups>
    </groups>
    <test name="Validating title in the page" duration-ms="9563" started-at="2019-07-23T07:58:29Z" finished-at="2019-07-23T07:58:39Z">
      <class name="Academy.validateTitle">
        <test-method status="PASS" signature="initialize()[pri:0, instance:Academy.validateTitle@7b227d8d]" name="initialize" is-config="true" duration-ms="7973" started-at="2019-07-23T13:28:29Z" finished-at="2019-07-23T13:28:37Z">
          <reporter-output>
          </reporter-output>
        </test-method> <!-- initialize -->
        <test-method status="FAIL" signature="validateAppTitle()[pri:0, instance:Academy.validateTitle@7b227d8d]" name="validateAppTitle" duration-ms="182" started-at="2019-07-23T13:28:37Z" finished-at="2019-07-23T13:28:38Z">
          <exception class="junit.framework.ComparisonFailure">
            <message>
              <![CDATA[expected:<...> but was:<...123>]]>
            </message>
            <full-stacktrace>
              <![CDATA[junit.framework.ComparisonFailure: expected:<...> but was:<...123>
	at junit.framework.Assert.assertEquals(Assert.java:81)
	at junit.framework.Assert.assertEquals(Assert.java:87)
	at Academy.validateTitle.validateAppTitle(validateTitle.java:34)
	at sun.reflect.NativeMethodAccessorImpl.invoke0(Native Method)
	at sun.reflect.NativeMethodAccessorImpl.invoke(NativeMethodAccessorImpl.java:62)
	at sun.reflect.DelegatingMethodAccessorImpl.invoke(DelegatingMethodAccessorImpl.java:43)
	at java.lang.reflect.Method.invoke(Method.java:498)
	at org.testng.internal.MethodInvocationHelper.invokeMethod(MethodInvocationHelper.java:80)
	at org.testng.internal.Invoker.invokeMethod(Invoker.java:714)
	at org.testng.internal.Invoker.invokeTestMethod(Invoker.java:901)
	at org.testng.internal.Invoker.invokeTestMethods(Invoker.java:1231)
	at org.testng.internal.TestMethodWorker.invokeTestMethods(TestMethodWorker.java:127)
	at org.testng.internal.TestMethodWorker.run(TestMethodWorker.java:111)
	at org.testng.TestRunner.privateRun(TestRunner.java:767)
	at org.testng.TestRunner.run(TestRunner.java:617)
	at org.testng.SuiteRunner.runTest(SuiteRunner.java:334)
	at org.testng.SuiteRunner.runSequentially(SuiteRunner.java:329)
	at org.testng.SuiteRunner.privateRun(SuiteRunner.java:291)
	at org.testng.SuiteRunner.run(SuiteRunner.java:240)
	at org.testng.SuiteRunnerWorker.runSuite(SuiteRunnerWorker.java:52)
	at org.testng.SuiteRunnerWorker.run(SuiteRunnerWorker.java:86)
	at org.testng.TestNG.runSuitesSequentially(TestNG.java:1198)
	at org.testng.TestNG.runSuitesLocally(TestNG.java:1123)
	at org.testng.TestNG.run(TestNG.java:1031)
	at org.apache.maven.surefire.testng.TestNGExecutor.run(TestNGExecutor.java:283)
	at org.apache.maven.surefire.testng.TestNGXmlTestSuite.execute(TestNGXmlTestSuite.java:75)
	at org.apache.maven.surefire.testng.TestNGProvider.invoke(TestNGProvider.java:120)
	at org.apache.maven.surefire.booter.ForkedBooter.invokeProviderInSameClassLoader(ForkedBooter.java:384)
	at org.apache.maven.surefire.booter.ForkedBooter.runSuitesInProcess(ForkedBooter.java:345)
	at org.apache.maven.surefire.booter.ForkedBooter.execute(ForkedBooter.java:126)
	at org.apache.maven.surefire.booter.ForkedBooter.main(ForkedBooter.java:418)
]]>
            </full-stacktrace>
          </exception> <!-- junit.framework.ComparisonFailure -->
          <reporter-output>
          </reporter-output>
        </test-method> <!-- validateAppTitle -->
        <test-method status="PASS" signature="teardown()[pri:0, instance:Academy.validateTitle@7b227d8d]" name="teardown" is-config="true" duration-ms="323" started-at="2019-07-23T13:28:39Z" finished-at="2019-07-23T13:28:39Z">
          <reporter-output>
          </reporter-output>
        </test-method> <!-- teardown -->
      </class> <!-- Academy.validateTitle -->
    </test> <!-- Validating title in the page -->
    <test name="Validating User login" duration-ms="22202" started-at="2019-07-23T07:58:39Z" finished-at="2019-07-23T07:59:01Z">
      <class name="Academy.HomePage">
        <test-method status="PASS" signature="initialize()[pri:0, instance:Academy.HomePage@5276e6b0]" name="initialize" is-config="true" duration-ms="2621" started-at="2019-07-23T13:28:39Z" finished-at="2019-07-23T13:28:42Z">
          <reporter-output>
          </reporter-output>
        </test-method> <!-- initialize -->
        <test-method status="PASS" signature="basePageNavigation(java.lang.String, java.lang.String, java.lang.String)[pri:0, instance:Academy.HomePage@5276e6b0]" name="basePageNavigation" duration-ms="11446" started-at="2019-07-23T13:28:42Z" data-provider="getData" finished-at="2019-07-23T13:28:53Z">
          <params>
            <param index="0">
              <value>
                <![CDATA[nonrestricteduser@1.com]]>
              </value>
            </param>
            <param index="1">
              <value>
                <![CDATA[123456]]>
              </value>
            </param>
            <param index="2">
              <value>
                <![CDATA[Restricted User]]>
              </value>
            </param>
          </params>
          <reporter-output>
          </reporter-output>
        </test-method> <!-- basePageNavigation -->
        <test-method status="PASS" signature="basePageNavigation(java.lang.String, java.lang.String, java.lang.String)[pri:0, instance:Academy.HomePage@5276e6b0]" name="basePageNavigation" duration-ms="7935" started-at="2019-07-23T13:28:53Z" data-provider="getData" finished-at="2019-07-23T13:29:01Z">
          <params>
            <param index="0">
              <value>
                <![CDATA[restricteduser@1.com]]>
              </value>
            </param>
            <param index="1">
              <value>
                <![CDATA[123456]]>
              </value>
            </param>
            <param index="2">
              <value>
                <![CDATA[Non Restricted User]]>
              </value>
            </param>
          </params>
          <reporter-output>
          </reporter-output>
        </test-method> <!-- basePageNavigation -->
        <test-method status="PASS" signature="teardown()[pri:0, instance:Academy.HomePage@5276e6b0]" name="teardown" is-config="true" duration-ms="197" started-at="2019-07-23T13:29:01Z" finished-at="2019-07-23T13:29:01Z">
          <reporter-output>
          </reporter-output>
        </test-method> <!-- teardown -->
      </class> <!-- Academy.HomePage -->
    </test> <!-- Validating User login -->
    <test name="App Testing" duration-ms="0" started-at="2019-07-23T07:59:01Z" finished-at="2019-07-23T07:59:01Z">
    </test> <!-- App Testing -->
    <test name="Validating Navigation Bar" duration-ms="5447" started-at="2019-07-23T07:59:02Z" finished-at="2019-07-23T07:59:07Z">
      <class name="Academy.validateNavigationBar">
        <test-method status="PASS" signature="initialize()[pri:0, instance:Academy.validateNavigationBar@433d61fb]" name="initialize" is-config="true" duration-ms="4985" started-at="2019-07-23T13:29:02Z" finished-at="2019-07-23T13:29:07Z">
          <reporter-output>
          </reporter-output>
        </test-method> <!-- initialize -->
        <test-method status="PASS" signature="ValidateAppnavBar()[pri:0, instance:Academy.validateNavigationBar@433d61fb]" name="ValidateAppnavBar" duration-ms="55" started-at="2019-07-23T13:29:07Z" finished-at="2019-07-23T13:29:07Z">
          <reporter-output>
          </reporter-output>
        </test-method> <!-- ValidateAppnavBar -->
        <test-method status="PASS" signature="teardown()[pri:0, instance:Academy.validateNavigationBar@433d61fb]" name="teardown" is-config="true" duration-ms="406" started-at="2019-07-23T13:29:07Z" finished-at="2019-07-23T13:29:07Z">
          <reporter-output>
          </reporter-output>
        </test-method> <!-- teardown -->
      </class> <!-- Academy.validateNavigationBar -->
    </test> <!-- Validating Navigation Bar -->
  </suite> <!-- Suite -->
</testng-results>
